2025-12-09 05:59:25,763 [INFO] admin_design document Mobile Android Chrome Mobile
2025-12-09 05:59:32,672 [INFO] sudoku entertainment Mobile Android Chrome Mobile
2025-12-09 07:00:41,656 [INFO] admin_design document PC Windows Edge
2025-12-09 07:01:29,690 [INFO] news news PC Windows Edge
2025-12-09 07:01:58,225 [INFO] tv entertainment PC Windows Edge
2025-12-09 07:02:06,953 [INFO] lcc service PC Windows Edge
2025-12-09 07:02:16,546 [INFO] ranking entertainment PC Windows Edge
2025-12-09 07:02:21,919 [INFO] drama entertainment PC Windows Edge
2025-12-09 07:02:31,344 [INFO] site service PC Windows Edge
2025-12-09 07:02:34,630 [INFO] today news PC Windows Edge
2025-12-09 07:02:37,157 [INFO] site service PC Windows Edge
2025-12-09 07:02:43,951 [INFO] study service PC Windows Edge
2025-12-09 07:02:58,162 [INFO] board management PC Windows Edge
2025-12-09 07:03:32,822 [INFO] board management PC Windows Edge
2025-12-09 07:03:45,005 [INFO] board management PC Windows Edge
2025-12-09 07:07:04,074 [INFO] dashboard management PC Windows Edge
2025-12-09 07:36:33,437 [INFO] news news Mobile Android LINE
2025-12-09 07:36:49,023 [INFO] study service Mobile Android LINE
2025-12-09 07:37:58,442 [INFO] url_design document Unknown Other FacebookBot
2025-12-09 07:38:00,740 [INFO] url_design document Mobile Android LINE
2025-12-09 07:38:04,625 [INFO] news news Mobile Android LINE
